This file contains any messages produced by compilers while
running configure, to aid debugging if configure makes a mistake.

It was created by jq configure , which was
generated by GNU Autoconf 2.69.  Invocation command line was

  $ ./configure CFLAGS=-fPIC --disable-maintainer-mode

## --------- ##
## Platform. ##
## --------- ##

hostname = jared-macbook.local
uname -m = x86_64
uname -r = 14.5.0
uname -s = Darwin
uname -v = Darwin Kernel Version 14.5.0: Tue Sep  1 21:23:09 PDT 2015; root:xnu-2782.50.1~1/RELEASE_X86_64

/usr/bin/uname -p = i386
/bin/uname -X     = unknown

/bin/arch              = unknown
/usr/bin/arch -k       = unknown
/usr/convex/getsysinfo = unknown
/usr/bin/hostinfo      = Mach kernel version:
	 Darwin Kernel Version 14.5.0: Tue Sep  1 21:23:09 PDT 2015; root:xnu-2782.50.1~1/RELEASE_X86_64
Kernel configured for up to 4 processors.
2 processors are physically available.
4 processors are logically available.
Processor type: i486 (Intel 80486)
Processors active: 0 1 2 3
Primary memory available: 4.00 gigabytes
Default processor set: 252 tasks, 1186 threads, 4 processors
Load average: 1.51, Mach factor: 2.48
/bin/machine           = unknown
/usr/bin/oslevel       = unknown
/bin/universe          = unknown

PATH: /Users/jtobin/.local/bin
PATH: /usr/local/git-hub/lib
PATH: /Users/jtobin/.nix-profile/bin
PATH: /Users/jtobin/.nix-profile/sbin
PATH: /usr/local/bin
PATH: /usr/local/lib
PATH: /usr/local/sbin
PATH: /usr/local/bin
PATH: /Users/jtobin/octave
PATH: /usr/local/bin
PATH: /usr/local/sbin
PATH: /usr/bin
PATH: /bin
PATH: /usr/sbin
PATH: /sbin
PATH: /opt/X11/bin
PATH: /usr/texbin
PATH: /Users/jtobin/.local/bin
PATH: /usr/local/git-hub/lib
PATH: /Users/jtobin/.nix-profile/bin
PATH: /Users/jtobin/.nix-profile/sbin
PATH: /usr/local/lib
PATH: /Users/jtobin/octave
PATH: /usr/local/texlive/2012/bin/universal-darwin
PATH: /usr/local/heroku/bin
PATH: /Users/jtobin/.cabal/bin
PATH: /Users/jtobin/.lein/bin
PATH: /Applications/VirtualBox.app/Contents/MacOS
PATH: /Users/jtobin/go/bin
PATH: /Users/jtobin/.stack/programs/x86_64-osx/ghc-7.10.2/bin/
PATH: /usr/local/texlive/2012/bin/universal-darwin
PATH: /usr/texbin
PATH: /usr/local/heroku/bin
PATH: /Users/jtobin/.cabal/bin
PATH: /Users/jtobin/.lein/bin
PATH: /Applications/VirtualBox.app/Contents/MacOS
PATH: /Users/jtobin/go/bin
PATH: /Users/jtobin/.stack/programs/x86_64-osx/ghc-7.10.2/bin/


## ----------- ##
## Core tests. ##
## ----------- ##

configure:2589: checking for a BSD-compatible install
configure:2657: result: /usr/local/bin/ginstall -c
configure:2668: checking whether build environment is sane
configure:2723: result: yes
configure:2874: checking for a thread-safe mkdir -p
configure:2913: result: /usr/local/bin/gmkdir -p
configure:2920: checking for gawk
configure:2950: result: no
configure:2920: checking for mawk
configure:2950: result: no
configure:2920: checking for nawk
configure:2950: result: no
configure:2920: checking for awk
configure:2936: found /usr/bin/awk
configure:2947: result: awk
configure:2958: checking whether make sets $(MAKE)
configure:2980: result: yes
configure:3009: checking whether make supports nested variables
configure:3026: result: yes
configure:3163: checking whether make supports nested variables
configure:3180: result: yes
configure:3203: checking for style of include used by make
configure:3231: result: GNU
configure:3302: checking for gcc
configure:3318: found /usr/bin/gcc
configure:3329: result: gcc
configure:3558: checking for C compiler version
configure:3567: gcc --version >&5
Apple LLVM version 6.1.0 (clang-602.0.53) (based on LLVM 3.6.0svn)
Target: x86_64-apple-darwin14.5.0
Thread model: posix
Configured with: --prefix=/Applications/Xcode.app/Contents/Developer/usr --with-gxx-include-dir=/usr/include/c++/4.2.1
configure:3578: $? = 0
configure:3567: gcc -v >&5
Configured with: --prefix=/Applications/Xcode.app/Contents/Developer/usr --with-gxx-include-dir=/usr/include/c++/4.2.1
Apple LLVM version 6.1.0 (clang-602.0.53) (based on LLVM 3.6.0svn)
Target: x86_64-apple-darwin14.5.0
Thread model: posix
configure:3578: $? = 0
configure:3567: gcc -V >&5
clang: error: argument to '-V' is missing (expected 1 value)
clang: error: no input files
configure:3578: $? = 1
configure:3567: gcc -qversion >&5
clang: error: unknown argument: '-qversion'
clang: error: no input files
configure:3578: $? = 1
configure:3598: checking whether the C compiler works
configure:3620: gcc -fPIC   conftest.c  >&5
configure:3624: $? = 0
configure:3672: result: yes
configure:3675: checking for C compiler default output file name
configure:3677: result: a.out
configure:3683: checking for suffix of executables
configure:3690: gcc -o conftest -fPIC   conftest.c  >&5
configure:3694: $? = 0
configure:3716: result: 
configure:3738: checking whether we are cross compiling
configure:3746: gcc -o conftest -fPIC   conftest.c  >&5
configure:3750: $? = 0
configure:3757: ./conftest
configure:3761: $? = 0
configure:3776: result: no
configure:3781: checking for suffix of object files
configure:3803: gcc -c -fPIC  conftest.c >&5
configure:3807: $? = 0
configure:3828: result: o
configure:3832: checking whether we are using the GNU C compiler
configure:3851: gcc -c -fPIC  conftest.c >&5
configure:3851: $? = 0
configure:3860: result: yes
configure:3869: checking whether gcc accepts -g
configure:3889: gcc -c -g  conftest.c >&5
configure:3889: $? = 0
configure:3930: result: yes
configure:3947: checking for gcc option to accept ISO C89
configure:4010: gcc  -c -fPIC  conftest.c >&5
configure:4010: $? = 0
configure:4023: result: none needed
configure:4048: checking whether gcc understands -c and -o together
configure:4070: gcc -c conftest.c -o conftest2.o
configure:4073: $? = 0
configure:4070: gcc -c conftest.c -o conftest2.o
configure:4073: $? = 0
configure:4085: result: yes
configure:4104: checking dependency style of gcc
configure:4215: result: gcc3
configure:4280: checking for ar
configure:4296: found /usr/bin/ar
configure:4307: result: ar
configure:4333: checking the archiver (ar) interface
configure:4349: gcc -c -fPIC  conftest.c >&5
configure:4349: $? = 0
configure:4351: ar cru libconftest.a conftest.o >&5
configure:4354: $? = 0
configure:4382: result: ar
configure:4403: checking whether to enable maintainer-specific portions of Makefiles
configure:4412: result: no
configure:4473: checking for gcc
configure:4500: result: gcc
configure:4729: checking for C compiler version
configure:4738: gcc --version >&5
Apple LLVM version 6.1.0 (clang-602.0.53) (based on LLVM 3.6.0svn)
Target: x86_64-apple-darwin14.5.0
Thread model: posix
Configured with: --prefix=/Applications/Xcode.app/Contents/Developer/usr --with-gxx-include-dir=/usr/include/c++/4.2.1
configure:4749: $? = 0
configure:4738: gcc -v >&5
Configured with: --prefix=/Applications/Xcode.app/Contents/Developer/usr --with-gxx-include-dir=/usr/include/c++/4.2.1
Apple LLVM version 6.1.0 (clang-602.0.53) (based on LLVM 3.6.0svn)
Target: x86_64-apple-darwin14.5.0
Thread model: posix
configure:4749: $? = 0
configure:4738: gcc -V >&5
clang: error: argument to '-V' is missing (expected 1 value)
clang: error: no input files
configure:4749: $? = 1
configure:4738: gcc -qversion >&5
clang: error: unknown argument: '-qversion'
clang: error: no input files
configure:4749: $? = 1
configure:4753: checking whether we are using the GNU C compiler
configure:4781: result: yes
configure:4790: checking whether gcc accepts -g
configure:4851: result: yes
configure:4868: checking for gcc option to accept ISO C89
configure:4944: result: none needed
configure:4969: checking whether gcc understands -c and -o together
configure:5006: result: yes
configure:5025: checking dependency style of gcc
configure:5136: result: gcc3
configure:5155: checking for gcc option to accept ISO C99
configure:5304: gcc  -c -fPIC  conftest.c >&5
configure:5304: $? = 0
configure:5317: result: none needed
configure:5425: checking for gcc option to accept ISO Standard C
configure:5436: result: none needed
configure:5448: checking how to run the C preprocessor
configure:5479: gcc -E  conftest.c
configure:5479: $? = 0
configure:5493: gcc -E  conftest.c
conftest.c:11:10: fatal error: 'ac_nonexistent.h' file not found
#include <ac_nonexistent.h>
         ^
1 error generated.
configure:5493: $? = 1
configure: failed program was:
| /* confdefs.h */
| #define PACKAGE_NAME "jq"
| #define PACKAGE_TARNAME "jq"
| #define PACKAGE_VERSION ""
| #define PACKAGE_STRING "jq "
| #define PACKAGE_BUGREPORT "https://github.com/stedolan/jq/issues"
| #define PACKAGE_URL "https://stedolan.github.io/jq"
| #define PACKAGE "jq"
| #define VERSION ""
| /* end confdefs.h.  */
| #include <ac_nonexistent.h>
configure:5518: result: gcc -E
configure:5538: gcc -E  conftest.c
configure:5538: $? = 0
configure:5552: gcc -E  conftest.c
conftest.c:11:10: fatal error: 'ac_nonexistent.h' file not found
#include <ac_nonexistent.h>
         ^
1 error generated.
configure:5552: $? = 1
configure: failed program was:
| /* confdefs.h */
| #define PACKAGE_NAME "jq"
| #define PACKAGE_TARNAME "jq"
| #define PACKAGE_VERSION ""
| #define PACKAGE_STRING "jq "
| #define PACKAGE_BUGREPORT "https://github.com/stedolan/jq/issues"
| #define PACKAGE_URL "https://stedolan.github.io/jq"
| #define PACKAGE "jq"
| #define VERSION ""
| /* end confdefs.h.  */
| #include <ac_nonexistent.h>
configure:5585: checking for bison
configure:5601: found /usr/bin/bison
configure:5612: result: bison -y
configure:5655: checking build system type
configure:5669: result: x86_64-apple-darwin14.5.0
configure:5689: checking host system type
configure:5702: result: x86_64-apple-darwin14.5.0
configure:5743: checking how to print strings
configure:5770: result: printf
configure:5791: checking for a sed that does not truncate output
configure:5855: result: /usr/bin/sed
configure:5873: checking for grep that handles long lines and -e
configure:5931: result: /usr/bin/grep
configure:5936: checking for egrep
configure:5998: result: /usr/bin/grep -E
configure:6003: checking for fgrep
configure:6065: result: /usr/bin/grep -F
configure:6100: checking for ld used by gcc
configure:6167: result: /Applications/Xcode.app/Contents/Developer/Toolchains/XcodeDefault.xctoolchain/usr/bin/ld
configure:6174: checking if the linker (/Applications/Xcode.app/Contents/Developer/Toolchains/XcodeDefault.xctoolchain/usr/bin/ld) is GNU ld
configure:6189: result: no
configure:6201: checking for BSD- or MS-compatible name lister (nm)
configure:6255: result: /usr/bin/nm
configure:6385: checking the name lister (/usr/bin/nm) interface
configure:6392: gcc -c -fPIC  conftest.c >&5
configure:6395: /usr/bin/nm "conftest.o"
configure:6398: output
0000000000000000 S _some_variable
configure:6405: result: BSD nm
configure:6408: checking whether ln -s works
configure:6412: result: yes
configure:6420: checking the maximum length of command line arguments
configure:6551: result: 196608
configure:6599: checking how to convert x86_64-apple-darwin14.5.0 file names to x86_64-apple-darwin14.5.0 format
configure:6639: result: func_convert_file_noop
configure:6646: checking how to convert x86_64-apple-darwin14.5.0 file names to toolchain format
configure:6666: result: func_convert_file_noop
configure:6673: checking for /Applications/Xcode.app/Contents/Developer/Toolchains/XcodeDefault.xctoolchain/usr/bin/ld option to reload object files
configure:6680: result: -r
configure:6754: checking for objdump
configure:6784: result: no
configure:6810: checking how to recognize dependent libraries
configure:7010: result: pass_all
configure:7095: checking for dlltool
configure:7125: result: no
configure:7152: checking how to associate runtime and link libraries
configure:7179: result: printf %s\n
configure:7303: checking for archiver @FILE support
configure:7320: gcc -c -fPIC  conftest.c >&5
configure:7320: $? = 0
configure:7323: ar cru libconftest.a @conftest.lst >&5
ar: @conftest.lst: No such file or directory
configure:7326: $? = 1
configure:7346: result: no
configure:7404: checking for strip
configure:7420: found /usr/bin/strip
configure:7431: result: strip
configure:7503: checking for ranlib
configure:7519: found /usr/bin/ranlib
configure:7530: result: ranlib
configure:7632: checking command to parse /usr/bin/nm output from gcc object
configure:7785: gcc -c -fPIC  conftest.c >&5
configure:7788: $? = 0
configure:7792: /usr/bin/nm conftest.o \| sed -n -e 's/^.*[ ]\([BCDEGRST][BCDEGRST]*\)[ ][ ]*\([_A-Za-z][_A-Za-z0-9]*\)$/\1 \2 \2/p' | sed '/ __gnu_lto/d' \> conftest.nm
configure:7795: $? = 0
cannot find nm_test_var in conftest.nm
configure:7785: gcc -c -fPIC  conftest.c >&5
configure:7788: $? = 0
configure:7792: /usr/bin/nm conftest.o \| sed -n -e 's/^.*[ ]\([BCDEGRST][BCDEGRST]*\)[ ][ ]*_\([_A-Za-z][_A-Za-z0-9]*\)$/\1 _\2 \2/p' | sed '/ __gnu_lto/d' \> conftest.nm
configure:7795: $? = 0
configure:7861: gcc -o conftest -fPIC   conftest.c conftstm.o >&5
configure:7864: $? = 0
configure:7902: result: ok
configure:7949: checking for sysroot
configure:7979: result: no
configure:7986: checking for a working dd
configure:8024: result: /bin/dd
configure:8028: checking how to truncate binary pipes
configure:8043: result: /bin/dd bs=4096 count=1
configure:8372: checking for mt
configure:8402: result: no
configure:8422: checking if : is a manifest tool
configure:8428: : '-?'
configure:8436: result: no
configure:8492: checking for dsymutil
configure:8508: found /usr/bin/dsymutil
configure:8519: result: dsymutil
configure:8584: checking for nmedit
configure:8600: found /usr/bin/nmedit
configure:8611: result: nmedit
configure:8676: checking for lipo
configure:8692: found /usr/bin/lipo
configure:8703: result: lipo
configure:8768: checking for otool
configure:8784: found /usr/bin/otool
configure:8795: result: otool
configure:8860: checking for otool64
configure:8890: result: no
configure:8935: checking for -single_module linker flag
gcc -fPIC  -o libconftest.dylib -dynamiclib -Wl,-single_module conftest.c
configure:8968: result: yes
configure:8971: checking for -exported_symbols_list linker flag
configure:8991: gcc -o conftest -fPIC   -Wl,-exported_symbols_list,conftest.sym conftest.c  >&5
configure:8991: $? = 0
configure:9001: result: yes
configure:9004: checking for -force_load linker flag
gcc -fPIC -c -o conftest.o conftest.c
ar cru libconftest.a conftest.o
ranlib libconftest.a
gcc -fPIC  -o conftest conftest.c -Wl,-force_load,./libconftest.a
configure:9036: result: yes
configure:9109: checking for ANSI C header files
configure:9129: gcc -c -fPIC  conftest.c >&5
configure:9129: $? = 0
configure:9202: gcc -o conftest -fPIC   conftest.c  >&5
configure:9202: $? = 0
configure:9202: ./conftest
configure:9202: $? = 0
configure:9213: result: yes
configure:9226: checking for sys/types.h
configure:9226: gcc -c -fPIC  conftest.c >&5
configure:9226: $? = 0
configure:9226: result: yes
configure:9226: checking for sys/stat.h
configure:9226: gcc -c -fPIC  conftest.c >&5
configure:9226: $? = 0
configure:9226: result: yes
configure:9226: checking for stdlib.h
configure:9226: gcc -c -fPIC  conftest.c >&5
configure:9226: $? = 0
configure:9226: result: yes
configure:9226: checking for string.h
configure:9226: gcc -c -fPIC  conftest.c >&5
configure:9226: $? = 0
configure:9226: result: yes
configure:9226: checking for memory.h
configure:9226: gcc -c -fPIC  conftest.c >&5
configure:9226: $? = 0
configure:9226: result: yes
configure:9226: checking for strings.h
configure:9226: gcc -c -fPIC  conftest.c >&5
configure:9226: $? = 0
configure:9226: result: yes
configure:9226: checking for inttypes.h
configure:9226: gcc -c -fPIC  conftest.c >&5
configure:9226: $? = 0
configure:9226: result: yes
configure:9226: checking for stdint.h
configure:9226: gcc -c -fPIC  conftest.c >&5
configure:9226: $? = 0
configure:9226: result: yes
configure:9226: checking for unistd.h
configure:9226: gcc -c -fPIC  conftest.c >&5
configure:9226: $? = 0
configure:9226: result: yes
configure:9240: checking for dlfcn.h
configure:9240: gcc -c -fPIC  conftest.c >&5
configure:9240: $? = 0
configure:9240: result: yes
configure:9792: checking for objdir
configure:9807: result: .libs
configure:10071: checking if gcc supports -fno-rtti -fno-exceptions
configure:10089: gcc -c -fPIC  -fno-rtti -fno-exceptions conftest.c >&5
configure:10093: $? = 0
configure:10106: result: yes
configure:10464: checking for gcc option to produce PIC
configure:10471: result: -fno-common -DPIC
configure:10479: checking if gcc PIC flag -fno-common -DPIC works
configure:10497: gcc -c -fPIC  -fno-common -DPIC -DPIC conftest.c >&5
configure:10501: $? = 0
configure:10514: result: yes
configure:10543: checking if gcc static flag -static works
configure:10571: result: no
configure:10586: checking if gcc supports -c -o file.o
configure:10607: gcc -c -fPIC  -o out/conftest2.o conftest.c >&5
configure:10611: $? = 0
configure:10633: result: yes
configure:10641: checking if gcc supports -c -o file.o
configure:10688: result: yes
configure:10721: checking whether the gcc linker (/Applications/Xcode.app/Contents/Developer/Toolchains/XcodeDefault.xctoolchain/usr/bin/ld) supports shared libraries
configure:11980: result: yes
configure:12220: checking dynamic linker characteristics
configure:13038: result: darwin14.5.0 dyld
configure:13160: checking how to hardcode library paths into programs
configure:13185: result: immediate
configure:13733: checking whether stripping libraries is possible
configure:13747: result: yes
configure:13773: checking if libtool supports shared libraries
configure:13775: result: yes
configure:13778: checking whether to build shared libraries
configure:13803: result: yes
configure:13806: checking whether to build static libraries
configure:13810: result: yes
configure:14119: checking oniguruma.h usability
configure:14119: gcc -c -fPIC  conftest.c >&5
configure:14119: $? = 0
configure:14119: result: yes
configure:14119: checking oniguruma.h presence
configure:14119: gcc -E  conftest.c
configure:14119: $? = 0
configure:14119: result: yes
configure:14119: checking for oniguruma.h
configure:14119: result: yes
configure:14121: checking for onig_version in -lonig
configure:14146: gcc -o conftest -fPIC   conftest.c -lonig   >&5
configure:14146: $? = 0
configure:14155: result: yes
configure:14182: checking for valgrind
configure:14198: found /usr/local/bin/valgrind
configure:14209: result: valgrind
configure:14226: checking for memmem
configure:14226: gcc -o conftest -fPIC   conftest.c  -lonig >&5
configure:14226: $? = 0
configure:14226: result: yes
configure:14237: checking for mkstemp
configure:14237: gcc -o conftest -fPIC   conftest.c  -lonig >&5
configure:14237: $? = 0
configure:14237: result: yes
configure:14284: checking for bundle
configure:14300: found /usr/bin/bundle
configure:14311: result: bundle
configure:14323: checking for Ruby dependencies
configure:14332: WARNING: The following gems are missing
 * minitest (5.8.0)
 * activesupport (4.2.3)
 * builder (3.2.2)
 * launchy (2.4.3)
 * liquid (3.0.6)
 * maruku (0.7.2)
 * rack (1.6.4)
 * sass (3.4.16)
 * rack-protection (1.5.3)
 * tilt (2.0.1)
 * sinatra (1.4.6)
 * watch (0.1.0)
 * yui-compressor (0.12.0)
 * bonsai (1.4.9)
 * hpricot (0.8.6)
 * mustache (0.99.8)
 * rdiscount (2.1.8)
 * ronn (0.7.3)
Install missing gems with `bundle install`
configure:14346: result: no
configure:14396: checking for size_t
configure:14396: gcc -c -fPIC  conftest.c >&5
configure:14396: $? = 0
configure:14396: gcc -c -fPIC  conftest.c >&5
conftest.c:62:21: error: expected expression
if (sizeof ((size_t)))
                    ^
1 error generated.
configure:14396: $? = 1
configure: failed program was:
| /* confdefs.h */
| #define PACKAGE_NAME "jq"
| #define PACKAGE_TARNAME "jq"
| #define PACKAGE_VERSION ""
| #define PACKAGE_STRING "jq "
| #define PACKAGE_BUGREPORT "https://github.com/stedolan/jq/issues"
| #define PACKAGE_URL "https://stedolan.github.io/jq"
| #define PACKAGE "jq"
| #define VERSION ""
| #define STDC_HEADERS 1
| #define HAVE_SYS_TYPES_H 1
| #define HAVE_SYS_STAT_H 1
| #define HAVE_STDLIB_H 1
| #define HAVE_STRING_H 1
| #define HAVE_MEMORY_H 1
| #define HAVE_STRINGS_H 1
| #define HAVE_INTTYPES_H 1
| #define HAVE_STDINT_H 1
| #define HAVE_UNISTD_H 1
| #define HAVE_DLFCN_H 1
| #define LT_OBJDIR ".libs/"
| #define HAVE_ONIGURUMA 1
| #define HAVE_MEMMEM 1
| #define HAVE_MKSTEMP 1
| /* end confdefs.h.  */
| #include <stdio.h>
| #ifdef HAVE_SYS_TYPES_H
| # include <sys/types.h>
| #endif
| #ifdef HAVE_SYS_STAT_H
| # include <sys/stat.h>
| #endif
| #ifdef STDC_HEADERS
| # include <stdlib.h>
| # include <stddef.h>
| #else
| # ifdef HAVE_STDLIB_H
| #  include <stdlib.h>
| # endif
| #endif
| #ifdef HAVE_STRING_H
| # if !defined STDC_HEADERS && defined HAVE_MEMORY_H
| #  include <memory.h>
| # endif
| # include <string.h>
| #endif
| #ifdef HAVE_STRINGS_H
| # include <strings.h>
| #endif
| #ifdef HAVE_INTTYPES_H
| # include <inttypes.h>
| #endif
| #ifdef HAVE_STDINT_H
| # include <stdint.h>
| #endif
| #ifdef HAVE_UNISTD_H
| # include <unistd.h>
| #endif
| int
| main ()
| {
| if (sizeof ((size_t)))
| 	    return 0;
|   ;
|   return 0;
| }
configure:14396: result: yes
configure:14409: checking for working alloca.h
configure:14426: gcc -o conftest -fPIC   conftest.c  -lonig >&5
configure:14426: $? = 0
configure:14434: result: yes
configure:14442: checking for alloca
configure:14479: gcc -o conftest -fPIC   conftest.c  -lonig >&5
configure:14479: $? = 0
configure:14487: result: yes
configure:14598: checking for isatty
configure:14626: gcc -o conftest -fPIC   conftest.c     -lonig >&5
configure:14626: $? = 0
configure:14667: result: yes
configure:14701: checking for _isatty
configure:14729: gcc -o conftest -fPIC   conftest.c     -lonig >&5
conftest.c:29:10: fatal error: 'io.h' file not found
#include <io.h>
         ^
1 error generated.
configure:14729: $? = 1
configure: failed program was:
| /* confdefs.h */
| #define PACKAGE_NAME "jq"
| #define PACKAGE_TARNAME "jq"
| #define PACKAGE_VERSION ""
| #define PACKAGE_STRING "jq "
| #define PACKAGE_BUGREPORT "https://github.com/stedolan/jq/issues"
| #define PACKAGE_URL "https://stedolan.github.io/jq"
| #define PACKAGE "jq"
| #define VERSION ""
| #define STDC_HEADERS 1
| #define HAVE_SYS_TYPES_H 1
| #define HAVE_SYS_STAT_H 1
| #define HAVE_STDLIB_H 1
| #define HAVE_STRING_H 1
| #define HAVE_MEMORY_H 1
| #define HAVE_STRINGS_H 1
| #define HAVE_INTTYPES_H 1
| #define HAVE_STDINT_H 1
| #define HAVE_UNISTD_H 1
| #define HAVE_DLFCN_H 1
| #define LT_OBJDIR ".libs/"
| #define HAVE_ONIGURUMA 1
| #define HAVE_MEMMEM 1
| #define HAVE_MKSTEMP 1
| #define HAVE_ALLOCA_H 1
| #define HAVE_ALLOCA 1
| #define HAVE_ISATTY 1
| /* end confdefs.h.  */
| #include <io.h>
| int
| main ()
| {
| _isatty(0)
|   ;
|   return 0;
| }
configure:14729: gcc -o conftest -fPIC   conftest.c  -lc   -lonig >&5
conftest.c:29:10: fatal error: 'io.h' file not found
#include <io.h>
         ^
1 error generated.
configure:14729: $? = 1
configure: failed program was:
| /* confdefs.h */
| #define PACKAGE_NAME "jq"
| #define PACKAGE_TARNAME "jq"
| #define PACKAGE_VERSION ""
| #define PACKAGE_STRING "jq "
| #define PACKAGE_BUGREPORT "https://github.com/stedolan/jq/issues"
| #define PACKAGE_URL "https://stedolan.github.io/jq"
| #define PACKAGE "jq"
| #define VERSION ""
| #define STDC_HEADERS 1
| #define HAVE_SYS_TYPES_H 1
| #define HAVE_SYS_STAT_H 1
| #define HAVE_STDLIB_H 1
| #define HAVE_STRING_H 1
| #define HAVE_MEMORY_H 1
| #define HAVE_STRINGS_H 1
| #define HAVE_INTTYPES_H 1
| #define HAVE_STDINT_H 1
| #define HAVE_UNISTD_H 1
| #define HAVE_DLFCN_H 1
| #define LT_OBJDIR ".libs/"
| #define HAVE_ONIGURUMA 1
| #define HAVE_MEMMEM 1
| #define HAVE_MKSTEMP 1
| #define HAVE_ALLOCA_H 1
| #define HAVE_ALLOCA 1
| #define HAVE_ISATTY 1
| /* end confdefs.h.  */
| #include <io.h>
| int
| main ()
| {
| _isatty(0)
|   ;
|   return 0;
| }
configure:14776: result: no
configure:14804: checking for strptime
configure:14832: gcc -o conftest -fPIC   conftest.c     -lonig >&5
configure:14832: $? = 0
configure:14873: result: yes
configure:14907: checking for strftime
configure:14935: gcc -o conftest -fPIC   conftest.c     -lonig >&5
configure:14935: $? = 0
configure:14976: result: yes
configure:15010: checking for timegm
configure:15038: gcc -o conftest -fPIC   conftest.c     -lonig >&5
configure:15038: $? = 0
configure:15079: result: yes
configure:15113: checking for gmtime_r
configure:15141: gcc -o conftest -fPIC   conftest.c     -lonig >&5
configure:15141: $? = 0
configure:15182: result: yes
configure:15216: checking for gmtime
configure:15244: gcc -o conftest -fPIC   conftest.c     -lonig >&5
configure:15244: $? = 0
configure:15285: result: yes
configure:15319: checking for gettimeofday
configure:15347: gcc -o conftest -fPIC   conftest.c     -lonig >&5
conftest.c:38:1: warning: implicit declaration of function 'gettimeofday' is invalid in C99 [-Wimplicit-function-declaration]
gettimeofday(0, 0)
^
1 warning generated.
configure:15347: $? = 0
configure:15388: result: yes
configure:15418: checking for struct tm.tm_gmtoff
configure:15418: gcc -c -fPIC  conftest.c >&5
configure:15418: $? = 0
configure:15418: result: yes
configure:15426: checking for struct tm.__tm_gmtoff
configure:15426: gcc -c -fPIC  conftest.c >&5
conftest.c:42:13: error: no member named '__tm_gmtoff' in 'struct tm'; did you mean 'tm_gmtoff'?
if (ac_aggr.__tm_gmtoff)
            ^~~~~~~~~~~
            tm_gmtoff
/usr/include/time.h:83:7: note: 'tm_gmtoff' declared here
        long    tm_gmtoff;      /* offset from CUT in seconds */
                ^
1 error generated.
configure:15426: $? = 1
configure: failed program was:
| /* confdefs.h */
| #define PACKAGE_NAME "jq"
| #define PACKAGE_TARNAME "jq"
| #define PACKAGE_VERSION ""
| #define PACKAGE_STRING "jq "
| #define PACKAGE_BUGREPORT "https://github.com/stedolan/jq/issues"
| #define PACKAGE_URL "https://stedolan.github.io/jq"
| #define PACKAGE "jq"
| #define VERSION ""
| #define STDC_HEADERS 1
| #define HAVE_SYS_TYPES_H 1
| #define HAVE_SYS_STAT_H 1
| #define HAVE_STDLIB_H 1
| #define HAVE_STRING_H 1
| #define HAVE_MEMORY_H 1
| #define HAVE_STRINGS_H 1
| #define HAVE_INTTYPES_H 1
| #define HAVE_STDINT_H 1
| #define HAVE_UNISTD_H 1
| #define HAVE_DLFCN_H 1
| #define LT_OBJDIR ".libs/"
| #define HAVE_ONIGURUMA 1
| #define HAVE_MEMMEM 1
| #define HAVE_MKSTEMP 1
| #define HAVE_ALLOCA_H 1
| #define HAVE_ALLOCA 1
| #define HAVE_ISATTY 1
| #define HAVE_STRPTIME 1
| #define HAVE_STRFTIME 1
| #define HAVE_TIMEGM 1
| #define HAVE_GMTIME_R 1
| #define HAVE_GMTIME 1
| #define HAVE_GETTIMEOFDAY 1
| #define HAVE_TM_TM_GMT_OFF 1
| /* end confdefs.h.  */
| #include <time.h>
| 
| int
| main ()
| {
| static struct tm ac_aggr;
| if (ac_aggr.__tm_gmtoff)
| return 0;
|   ;
|   return 0;
| }
configure:15426: gcc -c -fPIC  conftest.c >&5
conftest.c:42:20: error: no member named '__tm_gmtoff' in 'struct tm'; did you mean 'tm_gmtoff'?
if (sizeof ac_aggr.__tm_gmtoff)
                   ^~~~~~~~~~~
                   tm_gmtoff
/usr/include/time.h:83:7: note: 'tm_gmtoff' declared here
        long    tm_gmtoff;      /* offset from CUT in seconds */
                ^
1 error generated.
configure:15426: $? = 1
configure: failed program was:
| /* confdefs.h */
| #define PACKAGE_NAME "jq"
| #define PACKAGE_TARNAME "jq"
| #define PACKAGE_VERSION ""
| #define PACKAGE_STRING "jq "
| #define PACKAGE_BUGREPORT "https://github.com/stedolan/jq/issues"
| #define PACKAGE_URL "https://stedolan.github.io/jq"
| #define PACKAGE "jq"
| #define VERSION ""
| #define STDC_HEADERS 1
| #define HAVE_SYS_TYPES_H 1
| #define HAVE_SYS_STAT_H 1
| #define HAVE_STDLIB_H 1
| #define HAVE_STRING_H 1
| #define HAVE_MEMORY_H 1
| #define HAVE_STRINGS_H 1
| #define HAVE_INTTYPES_H 1
| #define HAVE_STDINT_H 1
| #define HAVE_UNISTD_H 1
| #define HAVE_DLFCN_H 1
| #define LT_OBJDIR ".libs/"
| #define HAVE_ONIGURUMA 1
| #define HAVE_MEMMEM 1
| #define HAVE_MKSTEMP 1
| #define HAVE_ALLOCA_H 1
| #define HAVE_ALLOCA 1
| #define HAVE_ISATTY 1
| #define HAVE_STRPTIME 1
| #define HAVE_STRFTIME 1
| #define HAVE_TIMEGM 1
| #define HAVE_GMTIME_R 1
| #define HAVE_GMTIME 1
| #define HAVE_GETTIMEOFDAY 1
| #define HAVE_TM_TM_GMT_OFF 1
| /* end confdefs.h.  */
| #include <time.h>
| 
| int
| main ()
| {
| static struct tm ac_aggr;
| if (sizeof ac_aggr.__tm_gmtoff)
| return 0;
|   ;
|   return 0;
| }
configure:15426: result: no
configure:15759: checking for acos
configure:15787: gcc -o conftest -fPIC   conftest.c     -lonig >&5
conftest.c:40:1: warning: ignoring return value of function declared with const attribute [-Wunused-value]
acos(.5)
^~~~ ~~
1 warning generated.
configure:15787: $? = 0
configure:15828: result: yes
configure:15859: checking for acosh
configure:15887: gcc -o conftest -fPIC   conftest.c     -lonig >&5
conftest.c:41:1: warning: ignoring return value of function declared with const attribute [-Wunused-value]
acosh(.5)
^~~~~ ~~
1 warning generated.
configure:15887: $? = 0
configure:15928: result: yes
configure:15959: checking for asin
configure:15987: gcc -o conftest -fPIC   conftest.c     -lonig >&5
conftest.c:42:1: warning: ignoring return value of function declared with const attribute [-Wunused-value]
asin(.5)
^~~~ ~~
1 warning generated.
configure:15987: $? = 0
configure:16028: result: yes
configure:16059: checking for asinh
configure:16087: gcc -o conftest -fPIC   conftest.c     -lonig >&5
conftest.c:43:1: warning: ignoring return value of function declared with const attribute [-Wunused-value]
asinh(.5)
^~~~~ ~~
1 warning generated.
configure:16087: $? = 0
configure:16128: result: yes
configure:16159: checking for atan
configure:16187: gcc -o conftest -fPIC   conftest.c     -lonig >&5
conftest.c:44:1: warning: ignoring return value of function declared with const attribute [-Wunused-value]
atan(.5)
^~~~ ~~
1 warning generated.
configure:16187: $? = 0
configure:16228: result: yes
configure:16259: checking for atanh
configure:16287: gcc -o conftest -fPIC   conftest.c     -lonig >&5
conftest.c:45:1: warning: ignoring return value of function declared with const attribute [-Wunused-value]
atanh(.5)
^~~~~ ~~
1 warning generated.
configure:16287: $? = 0
configure:16328: result: yes
configure:16359: checking for cbrt
configure:16387: gcc -o conftest -fPIC   conftest.c     -lonig >&5
conftest.c:46:1: warning: ignoring return value of function declared with const attribute [-Wunused-value]
cbrt(.5)
^~~~ ~~
1 warning generated.
configure:16387: $? = 0
configure:16428: result: yes
configure:16459: checking for cos
configure:16487: gcc -o conftest -fPIC   conftest.c     -lonig >&5
conftest.c:47:1: warning: ignoring return value of function declared with const attribute [-Wunused-value]
cos(.5)
^~~ ~~
1 warning generated.
configure:16487: $? = 0
configure:16528: result: yes
configure:16559: checking for cosh
configure:16587: gcc -o conftest -fPIC   conftest.c     -lonig >&5
conftest.c:48:1: warning: ignoring return value of function declared with const attribute [-Wunused-value]
cosh(.5)
^~~~ ~~
1 warning generated.
configure:16587: $? = 0
configure:16628: result: yes
configure:16659: checking for exp2
configure:16687: gcc -o conftest -fPIC   conftest.c     -lonig >&5
conftest.c:49:1: warning: ignoring return value of function declared with const attribute [-Wunused-value]
exp2(.5)
^~~~ ~~
1 warning generated.
configure:16687: $? = 0
configure:16728: result: yes
configure:16759: checking for exp
configure:16787: gcc -o conftest -fPIC   conftest.c     -lonig >&5
conftest.c:50:1: warning: ignoring return value of function declared with const attribute [-Wunused-value]
exp(.5)
^~~ ~~
1 warning generated.
configure:16787: $? = 0
configure:16828: result: yes
configure:16859: checking for floor
configure:16887: gcc -o conftest -fPIC   conftest.c     -lonig >&5
conftest.c:51:1: warning: ignoring return value of function declared with const attribute [-Wunused-value]
floor(.5)
^~~~~ ~~
1 warning generated.
configure:16887: $? = 0
configure:16928: result: yes
configure:16959: checking for j0
configure:16987: gcc -o conftest -fPIC   conftest.c     -lonig >&5
configure:16987: $? = 0
configure:17028: result: yes
configure:17059: checking for j1
configure:17087: gcc -o conftest -fPIC   conftest.c     -lonig >&5
configure:17087: $? = 0
configure:17128: result: yes
configure:17159: checking for log10
configure:17187: gcc -o conftest -fPIC   conftest.c     -lonig >&5
conftest.c:54:1: warning: ignoring return value of function declared with const attribute [-Wunused-value]
log10(.5)
^~~~~ ~~
1 warning generated.
configure:17187: $? = 0
configure:17228: result: yes
configure:17259: checking for log2
configure:17287: gcc -o conftest -fPIC   conftest.c     -lonig >&5
conftest.c:55:1: warning: ignoring return value of function declared with const attribute [-Wunused-value]
log2(.5)
^~~~ ~~
1 warning generated.
configure:17287: $? = 0
configure:17328: result: yes
configure:17359: checking for log
configure:17387: gcc -o conftest -fPIC   conftest.c     -lonig >&5
conftest.c:56:1: warning: ignoring return value of function declared with const attribute [-Wunused-value]
log(.5)
^~~ ~~
1 warning generated.
configure:17387: $? = 0
configure:17428: result: yes
configure:17459: checking for sin
configure:17487: gcc -o conftest -fPIC   conftest.c     -lonig >&5
conftest.c:57:1: warning: ignoring return value of function declared with const attribute [-Wunused-value]
sin(.5)
^~~ ~~
1 warning generated.
configure:17487: $? = 0
configure:17528: result: yes
configure:17559: checking for sinh
configure:17587: gcc -o conftest -fPIC   conftest.c     -lonig >&5
conftest.c:58:1: warning: ignoring return value of function declared with const attribute [-Wunused-value]
sinh(.5)
^~~~ ~~
1 warning generated.
configure:17587: $? = 0
configure:17628: result: yes
configure:17659: checking for sqrt
configure:17687: gcc -o conftest -fPIC   conftest.c     -lonig >&5
conftest.c:59:1: warning: ignoring return value of function declared with const attribute [-Wunused-value]
sqrt(.5)
^~~~ ~~
1 warning generated.
configure:17687: $? = 0
configure:17728: result: yes
configure:17759: checking for tan
configure:17787: gcc -o conftest -fPIC   conftest.c     -lonig >&5
conftest.c:60:1: warning: ignoring return value of function declared with const attribute [-Wunused-value]
tan(.5)
^~~ ~~
1 warning generated.
configure:17787: $? = 0
configure:17828: result: yes
configure:17859: checking for tanh
configure:17887: gcc -o conftest -fPIC   conftest.c     -lonig >&5
conftest.c:61:1: warning: ignoring return value of function declared with const attribute [-Wunused-value]
tanh(.5)
^~~~ ~~
1 warning generated.
configure:17887: $? = 0
configure:17928: result: yes
configure:17959: checking for tgamma
configure:17987: gcc -o conftest -fPIC   conftest.c     -lonig >&5
conftest.c:62:1: warning: ignoring return value of function declared with const attribute [-Wunused-value]
tgamma(.5)
^~~~~~ ~~
1 warning generated.
configure:17987: $? = 0
configure:18028: result: yes
configure:18059: checking for y0
configure:18087: gcc -o conftest -fPIC   conftest.c     -lonig >&5
configure:18087: $? = 0
configure:18128: result: yes
configure:18159: checking for y1
configure:18187: gcc -o conftest -fPIC   conftest.c     -lonig >&5
configure:18187: $? = 0
configure:18228: result: yes
configure:18259: checking for pow
configure:18287: gcc -o conftest -fPIC   conftest.c     -lonig >&5
conftest.c:65:1: warning: ignoring return value of function declared with const attribute [-Wunused-value]
pow(2,2)
^~~ ~~~
1 warning generated.
configure:18287: $? = 0
configure:18328: result: yes
configure:18359: checking for atan2
configure:18387: gcc -o conftest -fPIC   conftest.c     -lonig >&5
conftest.c:66:1: warning: ignoring return value of function declared with const attribute [-Wunused-value]
atan2(.5,.5)
^~~~~ ~~~~~
1 warning generated.
configure:18387: $? = 0
configure:18428: result: yes
configure:18459: checking for hypot
configure:18487: gcc -o conftest -fPIC   conftest.c     -lonig >&5
conftest.c:67:1: warning: ignoring return value of function declared with const attribute [-Wunused-value]
hypot(.5,.5)
^~~~~ ~~~~~
1 warning generated.
configure:18487: $? = 0
configure:18528: result: yes
configure:18559: checking for remainder
configure:18587: gcc -o conftest -fPIC   conftest.c     -lonig >&5
conftest.c:68:1: warning: ignoring return value of function declared with const attribute [-Wunused-value]
remainder(3,2)
^~~~~~~~~ ~~~
1 warning generated.
configure:18587: $? = 0
configure:18628: result: yes
configure:18657: checking for thread-local storage
configure:18666: gcc -o conftest -fPIC   conftest.c  -lonig >&5
configure:18666: $? = 0
configure:18676: result: yes
configure:18679: checking whether byte ordering is bigendian
configure:18694: gcc -c -fPIC  conftest.c >&5
configure:18694: $? = 0
configure:18739: gcc -c -fPIC  conftest.c >&5
configure:18739: $? = 0
configure:18757: gcc -c -fPIC  conftest.c >&5
conftest.c:73:4: error: use of undeclared identifier 'not'
                 not big endian
                 ^
1 error generated.
configure:18757: $? = 1
configure: failed program was:
| /* confdefs.h */
| #define PACKAGE_NAME "jq"
| #define PACKAGE_TARNAME "jq"
| #define PACKAGE_VERSION ""
| #define PACKAGE_STRING "jq "
| #define PACKAGE_BUGREPORT "https://github.com/stedolan/jq/issues"
| #define PACKAGE_URL "https://stedolan.github.io/jq"
| #define PACKAGE "jq"
| #define VERSION ""
| #define STDC_HEADERS 1
| #define HAVE_SYS_TYPES_H 1
| #define HAVE_SYS_STAT_H 1
| #define HAVE_STDLIB_H 1
| #define HAVE_STRING_H 1
| #define HAVE_MEMORY_H 1
| #define HAVE_STRINGS_H 1
| #define HAVE_INTTYPES_H 1
| #define HAVE_STDINT_H 1
| #define HAVE_UNISTD_H 1
| #define HAVE_DLFCN_H 1
| #define LT_OBJDIR ".libs/"
| #define HAVE_ONIGURUMA 1
| #define HAVE_MEMMEM 1
| #define HAVE_MKSTEMP 1
| #define HAVE_ALLOCA_H 1
| #define HAVE_ALLOCA 1
| #define HAVE_ISATTY 1
| #define HAVE_STRPTIME 1
| #define HAVE_STRFTIME 1
| #define HAVE_TIMEGM 1
| #define HAVE_GMTIME_R 1
| #define HAVE_GMTIME 1
| #define HAVE_GETTIMEOFDAY 1
| #define HAVE_TM_TM_GMT_OFF 1
| #define HAVE_ACOS 1
| #define HAVE_ACOSH 1
| #define HAVE_ASIN 1
| #define HAVE_ASINH 1
| #define HAVE_ATAN 1
| #define HAVE_ATANH 1
| #define HAVE_CBRT 1
| #define HAVE_COS 1
| #define HAVE_COSH 1
| #define HAVE_EXP2 1
| #define HAVE_EXP 1
| #define HAVE_FLOOR 1
| #define HAVE_J0 1
| #define HAVE_J1 1
| #define HAVE_LOG10 1
| #define HAVE_LOG2 1
| #define HAVE_LOG 1
| #define HAVE_SIN 1
| #define HAVE_SINH 1
| #define HAVE_SQRT 1
| #define HAVE_TAN 1
| #define HAVE_TANH 1
| #define HAVE_TGAMMA 1
| #define HAVE_Y0 1
| #define HAVE_Y1 1
| #define HAVE_POW 1
| #define HAVE_ATAN2 1
| #define HAVE_HYPOT 1
| #define HAVE_REMAINDER 1
| #define HAVE___THREAD 1
| /* end confdefs.h.  */
| #include <sys/types.h>
| 		#include <sys/param.h>
| 
| int
| main ()
| {
| #if BYTE_ORDER != BIG_ENDIAN
| 		 not big endian
| 		#endif
| 
|   ;
|   return 0;
| }
configure:18885: result: no
configure:19056: checking that generated files are newer than configure
configure:19062: result: done
configure:19113: creating ./config.status

## ---------------------- ##
## Running config.status. ##
## ---------------------- ##

This file was extended by jq config.status , which was
generated by GNU Autoconf 2.69.  Invocation command line was

  CONFIG_FILES    = 
  CONFIG_HEADERS  = 
  CONFIG_LINKS    = 
  CONFIG_COMMANDS = 
  $ ./config.status 

on jared-macbook.local

config.status:1073: creating Makefile
config.status:1245: executing depfiles commands
config.status:1245: executing libtool commands

## ---------------- ##
## Cache variables. ##
## ---------------- ##

ac_cv_build=x86_64-apple-darwin14.5.0
ac_cv_c_bigendian=no
ac_cv_c_compiler_gnu=yes
ac_cv_env_CC_set=
ac_cv_env_CC_value=
ac_cv_env_CFLAGS_set=set
ac_cv_env_CFLAGS_value=-fPIC
ac_cv_env_CPPFLAGS_set=
ac_cv_env_CPPFLAGS_value=
ac_cv_env_CPP_set=
ac_cv_env_CPP_value=
ac_cv_env_LDFLAGS_set=
ac_cv_env_LDFLAGS_value=
ac_cv_env_LIBS_set=
ac_cv_env_LIBS_value=
ac_cv_env_LT_SYS_LIBRARY_PATH_set=
ac_cv_env_LT_SYS_LIBRARY_PATH_value=
ac_cv_env_YACC_set=
ac_cv_env_YACC_value=
ac_cv_env_YFLAGS_set=
ac_cv_env_YFLAGS_value=
ac_cv_env_build_alias_set=
ac_cv_env_build_alias_value=
ac_cv_env_host_alias_set=
ac_cv_env_host_alias_value=
ac_cv_env_target_alias_set=
ac_cv_env_target_alias_value=
ac_cv_func__isatty=no
ac_cv_func_acos=yes
ac_cv_func_acosh=yes
ac_cv_func_alloca_works=yes
ac_cv_func_asin=yes
ac_cv_func_asinh=yes
ac_cv_func_atan2=yes
ac_cv_func_atan=yes
ac_cv_func_atanh=yes
ac_cv_func_cbrt=yes
ac_cv_func_cos=yes
ac_cv_func_cosh=yes
ac_cv_func_exp2=yes
ac_cv_func_exp=yes
ac_cv_func_floor=yes
ac_cv_func_gettimeofday=yes
ac_cv_func_gmtime=yes
ac_cv_func_gmtime_r=yes
ac_cv_func_hypot=yes
ac_cv_func_isatty=yes
ac_cv_func_j0=yes
ac_cv_func_j1=yes
ac_cv_func_log10=yes
ac_cv_func_log2=yes
ac_cv_func_log=yes
ac_cv_func_memmem=yes
ac_cv_func_mkstemp=yes
ac_cv_func_pow=yes
ac_cv_func_remainder=yes
ac_cv_func_sin=yes
ac_cv_func_sinh=yes
ac_cv_func_sqrt=yes
ac_cv_func_strftime=yes
ac_cv_func_strptime=yes
ac_cv_func_tan=yes
ac_cv_func_tanh=yes
ac_cv_func_tgamma=yes
ac_cv_func_timegm=yes
ac_cv_func_y0=yes
ac_cv_func_y1=yes
ac_cv_funclib__isatty=no
ac_cv_funclib_acos=yes
ac_cv_funclib_acosh=yes
ac_cv_funclib_asin=yes
ac_cv_funclib_asinh=yes
ac_cv_funclib_atan2=yes
ac_cv_funclib_atan=yes
ac_cv_funclib_atanh=yes
ac_cv_funclib_cbrt=yes
ac_cv_funclib_cos=yes
ac_cv_funclib_cosh=yes
ac_cv_funclib_exp2=yes
ac_cv_funclib_exp=yes
ac_cv_funclib_floor=yes
ac_cv_funclib_gettimeofday=yes
ac_cv_funclib_gmtime=yes
ac_cv_funclib_gmtime_r=yes
ac_cv_funclib_hypot=yes
ac_cv_funclib_isatty=yes
ac_cv_funclib_j0=yes
ac_cv_funclib_j1=yes
ac_cv_funclib_log10=yes
ac_cv_funclib_log2=yes
ac_cv_funclib_log=yes
ac_cv_funclib_pow=yes
ac_cv_funclib_remainder=yes
ac_cv_funclib_sin=yes
ac_cv_funclib_sinh=yes
ac_cv_funclib_sqrt=yes
ac_cv_funclib_strftime=yes
ac_cv_funclib_strptime=yes
ac_cv_funclib_tan=yes
ac_cv_funclib_tanh=yes
ac_cv_funclib_tgamma=yes
ac_cv_funclib_timegm=yes
ac_cv_funclib_y0=yes
ac_cv_funclib_y1=yes
ac_cv_header_dlfcn_h=yes
ac_cv_header_inttypes_h=yes
ac_cv_header_memory_h=yes
ac_cv_header_oniguruma_h=yes
ac_cv_header_stdc=yes
ac_cv_header_stdint_h=yes
ac_cv_header_stdlib_h=yes
ac_cv_header_string_h=yes
ac_cv_header_strings_h=yes
ac_cv_header_sys_stat_h=yes
ac_cv_header_sys_types_h=yes
ac_cv_header_unistd_h=yes
ac_cv_host=x86_64-apple-darwin14.5.0
ac_cv_lib_onig_onig_version=yes
ac_cv_member_struct_tm___tm_gmtoff=no
ac_cv_member_struct_tm_tm_gmtoff=yes
ac_cv_objext=o
ac_cv_path_EGREP='/usr/bin/grep -E'
ac_cv_path_FGREP='/usr/bin/grep -F'
ac_cv_path_GREP=/usr/bin/grep
ac_cv_path_SED=/usr/bin/sed
ac_cv_path_install='/usr/local/bin/ginstall -c'
ac_cv_path_lt_DD=/bin/dd
ac_cv_path_mkdir=/usr/local/bin/gmkdir
ac_cv_prog_AWK=awk
ac_cv_prog_CPP='gcc -E'
ac_cv_prog_YACC='bison -y'
ac_cv_prog_ac_ct_AR=ar
ac_cv_prog_ac_ct_CC=gcc
ac_cv_prog_ac_ct_DSYMUTIL=dsymutil
ac_cv_prog_ac_ct_LIPO=lipo
ac_cv_prog_ac_ct_NMEDIT=nmedit
ac_cv_prog_ac_ct_OTOOL=otool
ac_cv_prog_ac_ct_RANLIB=ranlib
ac_cv_prog_ac_ct_STRIP=strip
ac_cv_prog_bundle_cmd=bundle
ac_cv_prog_cc_c89=
ac_cv_prog_cc_c99=
ac_cv_prog_cc_g=yes
ac_cv_prog_cc_stdc=
ac_cv_prog_make_make_set=yes
ac_cv_prog_valgrind_cmd=valgrind
ac_cv_type_size_t=yes
ac_cv_working_alloca_h=yes
am_cv_CC_dependencies_compiler_type=gcc3
am_cv_ar_interface=ar
am_cv_make_support_nested_variables=yes
am_cv_prog_cc_c_o=yes
jq_cv_ruby_deps=no
lt_cv_apple_cc_single_mod=yes
lt_cv_ar_at_file=no
lt_cv_deplibs_check_method=pass_all
lt_cv_file_magic_cmd='$MAGIC_CMD'
lt_cv_file_magic_test_file=
lt_cv_ld_exported_symbols_list=yes
lt_cv_ld_force_load=yes
lt_cv_ld_reload_flag=-r
lt_cv_nm_interface='BSD nm'
lt_cv_objdir=.libs
lt_cv_path_LD=/Applications/Xcode.app/Contents/Developer/Toolchains/XcodeDefault.xctoolchain/usr/bin/ld
lt_cv_path_NM=/usr/bin/nm
lt_cv_path_mainfest_tool=no
lt_cv_prog_compiler_c_o=yes
lt_cv_prog_compiler_pic='-fno-common -DPIC'
lt_cv_prog_compiler_pic_works=yes
lt_cv_prog_compiler_rtti_exceptions=yes
lt_cv_prog_compiler_static_works=no
lt_cv_prog_gnu_ld=no
lt_cv_sharedlib_from_linklib_cmd='printf %s\n'
lt_cv_sys_global_symbol_pipe='sed -n -e '\''s/^.*[	 ]\([BCDEGRST][BCDEGRST]*\)[	 ][	 ]*_\([_A-Za-z][_A-Za-z0-9]*\)$/\1 _\2 \2/p'\'' | sed '\''/ __gnu_lto/d'\'''
lt_cv_sys_global_symbol_to_c_name_address='sed -n -e '\''s/^: \(.*\) .*$/  {"\1", (void *) 0},/p'\'' -e '\''s/^[BCDEGRST][BCDEGRST]* .* \(.*\)$/  {"\1", (void *) \&\1},/p'\'''
lt_cv_sys_global_symbol_to_c_name_address_lib_prefix='sed -n -e '\''s/^: \(.*\) .*$/  {"\1", (void *) 0},/p'\'' -e '\''s/^[BCDEGRST][BCDEGRST]* .* \(lib.*\)$/  {"\1", (void *) \&\1},/p'\'' -e '\''s/^[BCDEGRST][BCDEGRST]* .* \(.*\)$/  {"lib\1", (void *) \&\1},/p'\'''
lt_cv_sys_global_symbol_to_cdecl='sed -n -e '\''s/^T .* \(.*\)$/extern int \1();/p'\'' -e '\''s/^[BCDEGRST][BCDEGRST]* .* \(.*\)$/extern char \1;/p'\'''
lt_cv_sys_global_symbol_to_import=
lt_cv_sys_max_cmd_len=196608
lt_cv_to_host_file_cmd=func_convert_file_noop
lt_cv_to_tool_file_cmd=func_convert_file_noop
lt_cv_truncate_bin='/bin/dd bs=4096 count=1'

## ----------------- ##
## Output variables. ##
## ----------------- ##

ACLOCAL='${SHELL} /Users/jtobin/projects/libjq-haskell/include/jq-jq-1.5/config/missing aclocal-1.15'
ALLOCA=''
AMDEPBACKSLASH='\'
AMDEP_FALSE='#'
AMDEP_TRUE=''
AMTAR='$${TAR-tar}'
AM_BACKSLASH='\'
AM_DEFAULT_V='$(AM_DEFAULT_VERBOSITY)'
AM_DEFAULT_VERBOSITY='0'
AM_V='$(V)'
AR='ar'
AS='as'
AUTOCONF='${SHELL} /Users/jtobin/projects/libjq-haskell/include/jq-jq-1.5/config/missing autoconf'
AUTOHEADER='${SHELL} /Users/jtobin/projects/libjq-haskell/include/jq-jq-1.5/config/missing autoheader'
AUTOMAKE='${SHELL} /Users/jtobin/projects/libjq-haskell/include/jq-jq-1.5/config/missing automake-1.15'
AWK='awk'
BISON_VERSION=''
BUNDLER='bundle'
CC='gcc'
CCDEPMODE='depmode=gcc3'
CFLAGS='-fPIC'
CPP='gcc -E'
CPPFLAGS=''
CYGPATH_W='echo'
DEFS='-DPACKAGE_NAME=\"jq\" -DPACKAGE_TARNAME=\"jq\" -DPACKAGE_VERSION=\"\" -DPACKAGE_STRING=\"jq\ \" -DPACKAGE_BUGREPORT=\"https://github.com/stedolan/jq/issues\" -DPACKAGE_URL=\"https://stedolan.github.io/jq\" -DPACKAGE=\"jq\" -DVERSION=\"\" -DSTDC_HEADERS=1 -DHAVE_SYS_TYPES_H=1 -DHAVE_SYS_STAT_H=1 -DHAVE_STDLIB_H=1 -DHAVE_STRING_H=1 -DHAVE_MEMORY_H=1 -DHAVE_STRINGS_H=1 -DHAVE_INTTYPES_H=1 -DHAVE_STDINT_H=1 -DHAVE_UNISTD_H=1 -DHAVE_DLFCN_H=1 -DLT_OBJDIR=\".libs/\" -DHAVE_ONIGURUMA=1 -DHAVE_MEMMEM=1 -DHAVE_MKSTEMP=1 -DHAVE_ALLOCA_H=1 -DHAVE_ALLOCA=1 -DHAVE_ISATTY=1 -DHAVE_STRPTIME=1 -DHAVE_STRFTIME=1 -DHAVE_TIMEGM=1 -DHAVE_GMTIME_R=1 -DHAVE_GMTIME=1 -DHAVE_GETTIMEOFDAY=1 -DHAVE_TM_TM_GMT_OFF=1 -DHAVE_ACOS=1 -DHAVE_ACOSH=1 -DHAVE_ASIN=1 -DHAVE_ASINH=1 -DHAVE_ATAN=1 -DHAVE_ATANH=1 -DHAVE_CBRT=1 -DHAVE_COS=1 -DHAVE_COSH=1 -DHAVE_EXP2=1 -DHAVE_EXP=1 -DHAVE_FLOOR=1 -DHAVE_J0=1 -DHAVE_J1=1 -DHAVE_LOG10=1 -DHAVE_LOG2=1 -DHAVE_LOG=1 -DHAVE_SIN=1 -DHAVE_SINH=1 -DHAVE_SQRT=1 -DHAVE_TAN=1 -DHAVE_TANH=1 -DHAVE_TGAMMA=1 -DHAVE_Y0=1 -DHAVE_Y1=1 -DHAVE_POW=1 -DHAVE_ATAN2=1 -DHAVE_HYPOT=1 -DHAVE_REMAINDER=1 -DHAVE___THREAD=1 -DIEEE_8087=1'
DEPDIR='.deps'
DLLTOOL='false'
DSYMUTIL='dsymutil'
DUMPBIN=''
ECHO_C='\c'
ECHO_N=''
ECHO_T=''
EGREP='/usr/bin/grep -E'
ENABLE_ALL_STATIC_FALSE=''
ENABLE_ALL_STATIC_TRUE='#'
ENABLE_DOCS_FALSE=''
ENABLE_DOCS_TRUE='#'
ENABLE_ERROR_INJECTION_FALSE=''
ENABLE_ERROR_INJECTION_TRUE='#'
ENABLE_GCOV_FALSE=''
ENABLE_GCOV_TRUE='#'
ENABLE_VALGRIND_FALSE='#'
ENABLE_VALGRIND_TRUE=''
EXEEXT=''
FGREP='/usr/bin/grep -F'
GREP='/usr/bin/grep'
INSTALL_DATA='${INSTALL} -m 644'
INSTALL_PROGRAM='${INSTALL}'
INSTALL_SCRIPT='${INSTALL}'
INSTALL_STRIP_PROGRAM='$(install_sh) -c -s'
LD='/Applications/Xcode.app/Contents/Developer/Toolchains/XcodeDefault.xctoolchain/usr/bin/ld'
LDFLAGS=''
LEX=''
LEXLIB=''
LEX_OUTPUT_ROOT=''
LIBOBJS=''
LIBS=' -lonig'
LIBTOOL='$(SHELL) $(top_builddir)/libtool'
LIB__isatty=''
LIB_acos=''
LIB_acosh=''
LIB_asin=''
LIB_asinh=''
LIB_atan2=''
LIB_atan=''
LIB_atanh=''
LIB_atexit=''
LIB_cbrt=''
LIB_cos=''
LIB_cosh=''
LIB_exp2=''
LIB_exp=''
LIB_floor=''
LIB_gettimeofday=''
LIB_gmtime=''
LIB_gmtime_r=''
LIB_hypot=''
LIB_isatty=''
LIB_j0=''
LIB_j1=''
LIB_log10=''
LIB_log2=''
LIB_log=''
LIB_pow=''
LIB_pthread_key_create=''
LIB_pthread_once=''
LIB_remainder=''
LIB_sin=''
LIB_sinh=''
LIB_sqrt=''
LIB_strftime=''
LIB_strptime=''
LIB_tan=''
LIB_tanh=''
LIB_tgamma=''
LIB_timegm=''
LIB_y0=''
LIB_y1=''
LIPO='lipo'
LN_S='ln -s'
LTLIBOBJS=''
LT_SYS_LIBRARY_PATH=''
MAINT='#'
MAINTAINER_MODE_FALSE=''
MAINTAINER_MODE_TRUE='#'
MAKEINFO='${SHELL} /Users/jtobin/projects/libjq-haskell/include/jq-jq-1.5/config/missing makeinfo'
MANIFEST_TOOL=':'
MKDIR_P='/usr/local/bin/gmkdir -p'
NM='/usr/bin/nm'
NMEDIT='nmedit'
OBJDUMP='false'
OBJEXT='o'
OTOOL64=':'
OTOOL='otool'
PACKAGE='jq'
PACKAGE_BUGREPORT='https://github.com/stedolan/jq/issues'
PACKAGE_NAME='jq'
PACKAGE_STRING='jq '
PACKAGE_TARNAME='jq'
PACKAGE_URL='https://stedolan.github.io/jq'
PACKAGE_VERSION=''
PATH_SEPARATOR=':'
RANLIB='ranlib'
SED='/usr/bin/sed'
SET_MAKE=''
SHELL='/bin/sh'
STRIP='strip'
VERSION=''
YACC='bison -y'
YFLAGS=''
ac_ct_AR='ar'
ac_ct_CC='gcc'
ac_ct_DUMPBIN=''
am__EXEEXT_FALSE=''
am__EXEEXT_TRUE='#'
am__fastdepCC_FALSE='#'
am__fastdepCC_TRUE=''
am__include='include'
am__isrc=''
am__leading_dot='.'
am__nodep='_no'
am__quote=''
am__tar='$${TAR-tar} chof - "$$tardir"'
am__untar='$${TAR-tar} xf -'
bindir='${exec_prefix}/bin'
build='x86_64-apple-darwin14.5.0'
build_alias=''
build_cpu='x86_64'
build_os='darwin14.5.0'
build_vendor='apple'
bundle_cmd='bundle'
datadir='${datarootdir}'
datarootdir='${prefix}/share'
docdir='${datarootdir}/doc/${PACKAGE_TARNAME}'
dvidir='${docdir}'
exec_prefix='${prefix}'
host='x86_64-apple-darwin14.5.0'
host_alias=''
host_cpu='x86_64'
host_os='darwin14.5.0'
host_vendor='apple'
htmldir='${docdir}'
includedir='${prefix}/include'
infodir='${datarootdir}/info'
install_sh='${SHELL} /Users/jtobin/projects/libjq-haskell/include/jq-jq-1.5/config/install-sh'
libdir='${exec_prefix}/lib'
libexecdir='${exec_prefix}/libexec'
localedir='${datarootdir}/locale'
localstatedir='${prefix}/var'
mandir='${datarootdir}/man'
mkdir_p='$(MKDIR_P)'
oldincludedir='/usr/include'
pdfdir='${docdir}'
prefix='/usr/local'
program_transform_name='s,x,x,'
psdir='${docdir}'
sbindir='${exec_prefix}/sbin'
sharedstatedir='${prefix}/com'
sysconfdir='${prefix}/etc'
target_alias=''
valgrind_cmd='valgrind'

## ----------- ##
## confdefs.h. ##
## ----------- ##

/* confdefs.h */
#define PACKAGE_NAME "jq"
#define PACKAGE_TARNAME "jq"
#define PACKAGE_VERSION ""
#define PACKAGE_STRING "jq "
#define PACKAGE_BUGREPORT "https://github.com/stedolan/jq/issues"
#define PACKAGE_URL "https://stedolan.github.io/jq"
#define PACKAGE "jq"
#define VERSION ""
#define STDC_HEADERS 1
#define HAVE_SYS_TYPES_H 1
#define HAVE_SYS_STAT_H 1
#define HAVE_STDLIB_H 1
#define HAVE_STRING_H 1
#define HAVE_MEMORY_H 1
#define HAVE_STRINGS_H 1
#define HAVE_INTTYPES_H 1
#define HAVE_STDINT_H 1
#define HAVE_UNISTD_H 1
#define HAVE_DLFCN_H 1
#define LT_OBJDIR ".libs/"
#define HAVE_ONIGURUMA 1
#define HAVE_MEMMEM 1
#define HAVE_MKSTEMP 1
#define HAVE_ALLOCA_H 1
#define HAVE_ALLOCA 1
#define HAVE_ISATTY 1
#define HAVE_STRPTIME 1
#define HAVE_STRFTIME 1
#define HAVE_TIMEGM 1
#define HAVE_GMTIME_R 1
#define HAVE_GMTIME 1
#define HAVE_GETTIMEOFDAY 1
#define HAVE_TM_TM_GMT_OFF 1
#define HAVE_ACOS 1
#define HAVE_ACOSH 1
#define HAVE_ASIN 1
#define HAVE_ASINH 1
#define HAVE_ATAN 1
#define HAVE_ATANH 1
#define HAVE_CBRT 1
#define HAVE_COS 1
#define HAVE_COSH 1
#define HAVE_EXP2 1
#define HAVE_EXP 1
#define HAVE_FLOOR 1
#define HAVE_J0 1
#define HAVE_J1 1
#define HAVE_LOG10 1
#define HAVE_LOG2 1
#define HAVE_LOG 1
#define HAVE_SIN 1
#define HAVE_SINH 1
#define HAVE_SQRT 1
#define HAVE_TAN 1
#define HAVE_TANH 1
#define HAVE_TGAMMA 1
#define HAVE_Y0 1
#define HAVE_Y1 1
#define HAVE_POW 1
#define HAVE_ATAN2 1
#define HAVE_HYPOT 1
#define HAVE_REMAINDER 1
#define HAVE___THREAD 1
#define IEEE_8087 1

configure: exit 0
